build/app/intermediates/manifest_merge_blame_file/release/manifest-merger-blame-release-report.txt
1<?xml version="1.0" encoding="utf-8"?>
2<manifest xmlns:android="http://schemas.android.com/apk/res/android"
3    package="com.example.flutterassettracer"
4    android:versionCode="1"
5    android:versionName="1.0.0" >
6
7    <uses-sdk
8        android:minSdkVersion="19"
8-->src\main\AndroidManifest.xml
9        android:targetSdkVersion="33" />
9-->src\main\AndroidManifest.xml
10
11    <uses-permission android:name="android.permission.INTERNET" />
11-->src\main\AndroidManifest.xml:3:5-66
11-->src\main\AndroidManifest.xml:3:22-64
12    <uses-permission android:name="android.permission.ACCESS_FINE_LOCATION" />
12-->src\main\AndroidManifest.xml:4:5-78
12-->src\main\AndroidManifest.xml:4:22-76
13    <uses-permission android:name="android.permission.ACCESS_COARSE_LOCATION" />
13-->src\main\AndroidManifest.xml:5:5-80
13-->src\main\AndroidManifest.xml:5:22-78
14    <uses-permission android:name="android.permission.READ_EXTERNAL_STORAGE" />
14-->src\main\AndroidManifest.xml:6:5-80
14-->src\main\AndroidManifest.xml:6:22-77
15    <uses-permission android:name="android.permission.WRITE_EXTERNAL_STORAGE" />
15-->src\main\AndroidManifest.xml:7:5-81
15-->src\main\AndroidManifest.xml:7:22-78
16    <uses-permission android:name="android.permission.NFC" />
16-->src\main\AndroidManifest.xml:8:5-62
16-->src\main\AndroidManifest.xml:8:22-59
17
18    <uses-feature
18-->src\main\AndroidManifest.xml:9:5-81
19        android:name="android.hardware.nfc"
19-->src\main\AndroidManifest.xml:9:19-54
20        android:required="true" />
20-->src\main\AndroidManifest.xml:9:55-78
21
22    <uses-permission android:name="android.permission.ACCESS_BACKGROUND_LOCATION" />
22-->src\main\AndroidManifest.xml:10:5-85
22-->src\main\AndroidManifest.xml:10:22-82
23    <uses-permission android:name="android.permission.VIBRATE" />
23-->src\main\AndroidManifest.xml:11:5-66
23-->src\main\AndroidManifest.xml:11:22-63
24    <uses-permission android:name="android.permission.RECEIVE_BOOT_COMPLETED" />
24-->src\main\AndroidManifest.xml:12:5-81
24-->src\main\AndroidManifest.xml:12:22-78
25    <uses-permission android:name="android.permission.WAKE_LOCK" />
25-->src\main\AndroidManifest.xml:13:5-68
25-->src\main\AndroidManifest.xml:13:22-65
26    <uses-permission android:name="android.permission.ACCESS_NETWORK_STATE" />
26-->src\main\AndroidManifest.xml:15:5-79
26-->src\main\AndroidManifest.xml:15:22-76
27    <uses-permission android:name="android.permission.USE_FULL_SCREEN_INTENT" />
27-->[:flutter_local_notifications] AndroidManifest.xml:11:5-81
27-->[:flutter_local_notifications] AndroidManifest.xml:11:22-78
28    <uses-permission android:name="android.permission.SCHEDULE_EXACT_ALARM" />
28-->[:flutter_local_notifications] AndroidManifest.xml:12:5-79
28-->[:flutter_local_notifications] AndroidManifest.xml:12:22-76
29    <uses-permission android:name="android.permission.POST_NOTIFICATIONS" />
29-->[:flutter_local_notifications] AndroidManifest.xml:13:5-77
29-->[:flutter_local_notifications] AndroidManifest.xml:13:22-74
30    <uses-permission android:name="android.permission.FOREGROUND_SERVICE" />
30-->[:flutter_background_service_android] AndroidManifest.xml:9:5-77
30-->[:flutter_background_service_android] AndroidManifest.xml:9:22-74
31
32    <permission
32-->[androidx.core:core:1.9.0] AndroidManifest.xml:22:5-24:47
33        android:name="com.example.flutterassettracer.DYNAMIC_RECEIVER_NOT_EXPORTED_PERMISSION"
33-->[androidx.core:core:1.9.0] AndroidManifest.xml:23:9-81
34        android:protectionLevel="signature" />
34-->[androidx.core:core:1.9.0] AndroidManifest.xml:24:9-44
35
36    <uses-permission android:name="com.example.flutterassettracer.DYNAMIC_RECEIVER_NOT_EXPORTED_PERMISSION" />
36-->[androidx.core:core:1.9.0] AndroidManifest.xml:26:5-97
36-->[androidx.core:core:1.9.0] AndroidManifest.xml:26:22-94
37
38    <application
39        android:name="android.app.Application"
39-->src\main\AndroidManifest.xml:19:9-42
40        android:appComponentFactory="androidx.core.app.CoreComponentFactory"
40-->[androidx.core:core:1.9.0] AndroidManifest.xml:28:18-86
41        android:icon="@mipmap/jatayu"
41-->src\main\AndroidManifest.xml:20:9-38
42        android:label="Jatayu" >
42-->src\main\AndroidManifest.xml:18:9-31
43        <activity
43-->src\main\AndroidManifest.xml:21:9-45:20
44            android:name="com.example.flutterassettracer.MainActivity"
44-->src\main\AndroidManifest.xml:22:13-41
45            android:configChanges="orientation|keyboardHidden|keyboard|screenSize|smallestScreenSize|locale|layoutDirection|fontScale|screenLayout|density|uiMode"
45-->src\main\AndroidManifest.xml:26:13-163
46            android:exported="true"
46-->src\main\AndroidManifest.xml:23:13-36
47            android:hardwareAccelerated="true"
47-->src\main\AndroidManifest.xml:27:13-47
48            android:launchMode="singleTop"
48-->src\main\AndroidManifest.xml:24:13-43
49            android:theme="@style/LaunchTheme"
49-->src\main\AndroidManifest.xml:25:13-47
50            android:windowSoftInputMode="adjustResize" >
50-->src\main\AndroidManifest.xml:28:13-55
51
52            <!--
53                 Specifies an Android theme to apply to this Activity as soon as
54                 the Android process has started. This theme is visible to the user
55                 while the Flutter UI initializes. After that, this theme continues
56                 to determine the Window background behind the Flutter UI.
57            -->
58            <meta-data
58-->src\main\AndroidManifest.xml:33:13-37:17
59                android:name="io.flutter.embedding.android.NormalTheme"
59-->src\main\AndroidManifest.xml:34:15-70
60                android:resource="@style/NormalTheme" />
60-->src\main\AndroidManifest.xml:35:15-52
61            <meta-data
61-->src\main\AndroidManifest.xml:38:13-40:46
62                android:name="com.google.mlkit.vision.DEPENDENCIES"
62-->src\main\AndroidManifest.xml:39:17-68
63                android:value="smart_reply" />
63-->src\main\AndroidManifest.xml:40:17-44
64
65            <intent-filter>
65-->src\main\AndroidManifest.xml:41:13-44:29
66                <action android:name="android.intent.action.MAIN" />
66-->src\main\AndroidManifest.xml:42:17-68
66-->src\main\AndroidManifest.xml:42:25-66
67
68                <category android:name="android.intent.category.LAUNCHER" />
68-->src\main\AndroidManifest.xml:43:17-76
68-->src\main\AndroidManifest.xml:43:27-74
69            </intent-filter>
70        </activity>
71
72        <!--
73            Don't delete the meta-data below.
74            This is used by the Flutter tool to generate GeneratedPluginRegistrant.java
75        -->
76        <meta-data
76-->src\main\AndroidManifest.xml:50:9-52:33
77            android:name="flutterEmbedding"
77-->src\main\AndroidManifest.xml:51:13-44
78            android:value="2" />
78-->src\main\AndroidManifest.xml:52:13-30
79
80        <service
80-->[:firebase_database] AndroidManifest.xml:10:9-14:19
81            android:name="com.google.firebase.components.ComponentDiscoveryService"
81-->[:firebase_database] AndroidManifest.xml:10:18-89
82            android:directBootAware="true"
82-->[com.google.firebase:firebase-common:20.3.2] AndroidManifest.xml:34:13-43
83            android:exported="false" >
83-->[com.google.firebase:firebase-auth:21.2.0] AndroidManifest.xml:68:13-37
84            <meta-data
84-->[:firebase_database] AndroidManifest.xml:11:13-13:85
85                android:name="com.google.firebase.components:io.flutter.plugins.firebase.database.FlutterFirebaseAppRegistrar"
85-->[:firebase_database] AndroidManifest.xml:12:17-127
86                android:value="com.google.firebase.components.ComponentRegistrar" />
86-->[:firebase_database] AndroidManifest.xml:13:17-82
87            <meta-data
87-->[:cloud_firestore] AndroidManifest.xml:11:13-13:85
88                android:name="com.google.firebase.components:io.flutter.plugins.firebase.firestore.FlutterFirebaseFirestoreRegistrar"
88-->[:cloud_firestore] AndroidManifest.xml:12:17-134
89                android:value="com.google.firebase.components.ComponentRegistrar" />
89-->[:cloud_firestore] AndroidManifest.xml:13:17-82
90            <meta-data
90-->[:firebase_auth] AndroidManifest.xml:11:13-13:85
91                android:name="com.google.firebase.components:io.flutter.plugins.firebase.auth.FlutterFirebaseAuthRegistrar"
91-->[:firebase_auth] AndroidManifest.xml:12:17-124
92                android:value="com.google.firebase.components.ComponentRegistrar" />
92-->[:firebase_auth] AndroidManifest.xml:13:17-82
93            <meta-data
93-->[:firebase_storage] AndroidManifest.xml:11:13-13:85
94                android:name="com.google.firebase.components:io.flutter.plugins.firebase.storage.FlutterFirebaseAppRegistrar"
94-->[:firebase_storage] AndroidManifest.xml:12:17-126
95                android:value="com.google.firebase.components.ComponentRegistrar" />
95-->[:firebase_storage] AndroidManifest.xml:13:17-82
96            <meta-data
96-->[:firebase_core] AndroidManifest.xml:11:13-13:85
97                android:name="com.google.firebase.components:io.flutter.plugins.firebase.core.FlutterFirebaseCoreRegistrar"
97-->[:firebase_core] AndroidManifest.xml:12:17-124
98                android:value="com.google.firebase.components.ComponentRegistrar" />
98-->[:firebase_core] AndroidManifest.xml:13:17-82
99            <meta-data
99-->[com.google.firebase:firebase-auth:21.2.0] AndroidManifest.xml:69:13-71:85
100                android:name="com.google.firebase.components:com.google.firebase.auth.FirebaseAuthRegistrar"
100-->[com.google.firebase:firebase-auth:21.2.0] AndroidManifest.xml:70:17-109
101                android:value="com.google.firebase.components.ComponentRegistrar" />
101-->[com.google.firebase:firebase-auth:21.2.0] AndroidManifest.xml:71:17-82
102            <meta-data
102-->[com.google.firebase:firebase-database:20.1.0] AndroidManifest.xml:31:13-33:85
103                android:name="com.google.firebase.components:com.google.firebase.database.DatabaseRegistrar"
103-->[com.google.firebase:firebase-database:20.1.0] AndroidManifest.xml:32:17-109
104                android:value="com.google.firebase.components.ComponentRegistrar" />
104-->[com.google.firebase:firebase-database:20.1.0] AndroidManifest.xml:33:17-82
105            <meta-data
105-->[com.google.firebase:firebase-firestore:24.4.5] AndroidManifest.xml:19:13-21:85
106                android:name="com.google.firebase.components:com.google.firebase.firestore.FirestoreRegistrar"
106-->[com.google.firebase:firebase-firestore:24.4.5] AndroidManifest.xml:20:17-111
107                android:value="com.google.firebase.components.ComponentRegistrar" />
107-->[com.google.firebase:firebase-firestore:24.4.5] AndroidManifest.xml:21:17-82
108            <meta-data
108-->[com.google.firebase:firebase-storage:20.1.0] AndroidManifest.xml:32:13-34:85
109                android:name="com.google.firebase.components:com.google.firebase.storage.StorageRegistrar"
109-->[com.google.firebase:firebase-storage:20.1.0] AndroidManifest.xml:33:17-107
110                android:value="com.google.firebase.components.ComponentRegistrar" />
110-->[com.google.firebase:firebase-storage:20.1.0] AndroidManifest.xml:34:17-82
111        </service>
112
113        <provider
113-->[:image_picker_android] AndroidManifest.xml:10:9-18:20
114            android:name="io.flutter.plugins.imagepicker.ImagePickerFileProvider"
114-->[:image_picker_android] AndroidManifest.xml:11:13-82
115            android:authorities="com.example.flutterassettracer.flutter.image_provider"
115-->[:image_picker_android] AndroidManifest.xml:12:13-74
116            android:exported="false"
116-->[:image_picker_android] AndroidManifest.xml:13:13-37
117            android:grantUriPermissions="true" >
117-->[:image_picker_android] AndroidManifest.xml:14:13-47
118            <meta-data
118-->[:image_picker_android] AndroidManifest.xml:15:13-17:75
119                android:name="android.support.FILE_PROVIDER_PATHS"
119-->[:image_picker_android] AndroidManifest.xml:16:17-67
120                android:resource="@xml/flutter_image_picker_file_paths" />
120-->[:image_picker_android] AndroidManifest.xml:17:17-72
121        </provider>
122
123        <receiver
123-->[:flutter_local_notifications] AndroidManifest.xml:16:9-18:40
124            android:name="com.dexterous.flutterlocalnotifications.ActionBroadcastReceiver"
124-->[:flutter_local_notifications] AndroidManifest.xml:17:13-91
125            android:exported="false" />
125-->[:flutter_local_notifications] AndroidManifest.xml:18:13-37
126        <receiver
126-->[:flutter_local_notifications] AndroidManifest.xml:19:9-21:40
127            android:name="com.dexterous.flutterlocalnotifications.ScheduledNotificationReceiver"
127-->[:flutter_local_notifications] AndroidManifest.xml:20:13-97
128            android:exported="false" />
128-->[:flutter_local_notifications] AndroidManifest.xml:21:13-37
129        <receiver
129-->[:flutter_local_notifications] AndroidManifest.xml:22:9-31:20
130            android:name="com.dexterous.flutterlocalnotifications.ScheduledNotificationBootReceiver"
130-->[:flutter_local_notifications] AndroidManifest.xml:23:13-101
131            android:exported="false" >
131-->[:flutter_local_notifications] AndroidManifest.xml:24:13-37
132            <intent-filter>
132-->[:flutter_local_notifications] AndroidManifest.xml:25:13-30:29
133                <action android:name="android.intent.action.BOOT_COMPLETED" />
133-->[:flutter_local_notifications] AndroidManifest.xml:26:17-79
133-->[:flutter_local_notifications] AndroidManifest.xml:26:25-76
134                <action android:name="android.intent.action.MY_PACKAGE_REPLACED" />
134-->[:flutter_local_notifications] AndroidManifest.xml:27:17-84
134-->[:flutter_local_notifications] AndroidManifest.xml:27:25-81
135                <action android:name="android.intent.action.QUICKBOOT_POWERON" />
135-->[:flutter_local_notifications] AndroidManifest.xml:28:17-82
135-->[:flutter_local_notifications] AndroidManifest.xml:28:25-79
136                <action android:name="com.htc.intent.action.QUICKBOOT_POWERON" />
136-->[:flutter_local_notifications] AndroidManifest.xml:29:17-82
136-->[:flutter_local_notifications] AndroidManifest.xml:29:25-79
137            </intent-filter>
138        </receiver>
139
140        <service
140-->[:flutter_background_service_android] AndroidManifest.xml:14:9-17:39
141            android:name="id.flutter.flutter_background_service.BackgroundService"
141-->[:flutter_background_service_android] AndroidManifest.xml:15:13-83
142            android:enabled="true"
142-->[:flutter_background_service_android] AndroidManifest.xml:16:13-35
143            android:exported="true" />
143-->[:flutter_background_service_android] AndroidManifest.xml:17:13-36
144
145        <receiver
145-->[:flutter_background_service_android] AndroidManifest.xml:19:9-22:39
146            android:name="id.flutter.flutter_background_service.WatchdogReceiver"
146-->[:flutter_background_service_android] AndroidManifest.xml:20:13-82
147            android:enabled="true"
147-->[:flutter_background_service_android] AndroidManifest.xml:21:13-35
148            android:exported="true" />
148-->[:flutter_background_service_android] AndroidManifest.xml:22:13-36
149        <receiver
149-->[:flutter_background_service_android] AndroidManifest.xml:23:9-30:20
150            android:name="id.flutter.flutter_background_service.BootReceiver"
150-->[:flutter_background_service_android] AndroidManifest.xml:24:13-78
151            android:enabled="true"
151-->[:flutter_background_service_android] AndroidManifest.xml:25:13-35
152            android:exported="true" >
152-->[:flutter_background_service_android] AndroidManifest.xml:26:13-36
153            <intent-filter>
153-->[:flutter_background_service_android] AndroidManifest.xml:27:13-29:29
154                <action android:name="android.intent.action.BOOT_COMPLETED" />
154-->[:flutter_local_notifications] AndroidManifest.xml:26:17-79
154-->[:flutter_local_notifications] AndroidManifest.xml:26:25-76
155            </intent-filter>
156        </receiver>
157
158        <provider
158-->[:share] AndroidManifest.xml:10:9-18:20
159            android:name="io.flutter.plugins.share.ShareFileProvider"
159-->[:share] AndroidManifest.xml:11:13-70
160            android:authorities="com.example.flutterassettracer.flutter.share_provider"
160-->[:share] AndroidManifest.xml:12:13-74
161            android:exported="false"
161-->[:share] AndroidManifest.xml:13:13-37
162            android:grantUriPermissions="true" >
162-->[:share] AndroidManifest.xml:14:13-47
163            <meta-data
163-->[:image_picker_android] AndroidManifest.xml:15:13-17:75
164                android:name="android.support.FILE_PROVIDER_PATHS"
164-->[:image_picker_android] AndroidManifest.xml:16:17-67
165                android:resource="@xml/flutter_share_file_paths" />
165-->[:image_picker_android] AndroidManifest.xml:17:17-72
166        </provider>
167
168        <activity
168-->[com.google.firebase:firebase-auth:21.2.0] AndroidManifest.xml:29:9-46:20
169            android:name="com.google.firebase.auth.internal.GenericIdpActivity"
169-->[com.google.firebase:firebase-auth:21.2.0] AndroidManifest.xml:30:13-80
170            android:excludeFromRecents="true"
170-->[com.google.firebase:firebase-auth:21.2.0] AndroidManifest.xml:31:13-46
171            android:exported="true"
171-->[com.google.firebase:firebase-auth:21.2.0] AndroidManifest.xml:32:13-36
172            android:launchMode="singleTask"
172-->[com.google.firebase:firebase-auth:21.2.0] AndroidManifest.xml:33:13-44
173            android:theme="@android:style/Theme.Translucent.NoTitleBar" >
173-->[com.google.firebase:firebase-auth:21.2.0] AndroidManifest.xml:34:13-72
174            <intent-filter>
174-->[com.google.firebase:firebase-auth:21.2.0] AndroidManifest.xml:35:13-45:29
175                <action android:name="android.intent.action.VIEW" />
175-->[com.google.firebase:firebase-auth:21.2.0] AndroidManifest.xml:36:17-69
175-->[com.google.firebase:firebase-auth:21.2.0] AndroidManifest.xml:36:25-66
176
177                <category android:name="android.intent.category.DEFAULT" />
177-->[com.google.firebase:firebase-auth:21.2.0] AndroidManifest.xml:38:17-76
177-->[com.google.firebase:firebase-auth:21.2.0] AndroidManifest.xml:38:27-73
178                <category android:name="android.intent.category.BROWSABLE" />
178-->[com.google.firebase:firebase-auth:21.2.0] AndroidManifest.xml:39:17-78
178-->[com.google.firebase:firebase-auth:21.2.0] AndroidManifest.xml:39:27-75
179
180                <data
180-->[com.google.firebase:firebase-auth:21.2.0] AndroidManifest.xml:41:17-44:51
181                    android:host="firebase.auth"
181-->[com.google.firebase:firebase-auth:21.2.0] AndroidManifest.xml:42:21-49
182                    android:path="/"
182-->[com.google.firebase:firebase-auth:21.2.0] AndroidManifest.xml:43:21-37
183                    android:scheme="genericidp" />
183-->[com.google.firebase:firebase-auth:21.2.0] AndroidManifest.xml:44:21-48
184            </intent-filter>
185        </activity>
186        <activity
186-->[com.google.firebase:firebase-auth:21.2.0] AndroidManifest.xml:47:9-64:20
187            android:name="com.google.firebase.auth.internal.RecaptchaActivity"
187-->[com.google.firebase:firebase-auth:21.2.0] AndroidManifest.xml:48:13-79
188            android:excludeFromRecents="true"
188-->[com.google.firebase:firebase-auth:21.2.0] AndroidManifest.xml:49:13-46
189            android:exported="true"
189-->[com.google.firebase:firebase-auth:21.2.0] AndroidManifest.xml:50:13-36
190            android:launchMode="singleTask"
190-->[com.google.firebase:firebase-auth:21.2.0] AndroidManifest.xml:51:13-44
191            android:theme="@android:style/Theme.Translucent.NoTitleBar" >
191-->[com.google.firebase:firebase-auth:21.2.0] AndroidManifest.xml:52:13-72
192            <intent-filter>
192-->[com.google.firebase:firebase-auth:21.2.0] AndroidManifest.xml:53:13-63:29
193                <action android:name="android.intent.action.VIEW" />
193-->[com.google.firebase:firebase-auth:21.2.0] AndroidManifest.xml:36:17-69
193-->[com.google.firebase:firebase-auth:21.2.0] AndroidManifest.xml:36:25-66
194
195                <category android:name="android.intent.category.DEFAULT" />
195-->[com.google.firebase:firebase-auth:21.2.0] AndroidManifest.xml:38:17-76
195-->[com.google.firebase:firebase-auth:21.2.0] AndroidManifest.xml:38:27-73
196                <category android:name="android.intent.category.BROWSABLE" />
196-->[com.google.firebase:firebase-auth:21.2.0] AndroidManifest.xml:39:17-78
196-->[com.google.firebase:firebase-auth:21.2.0] AndroidManifest.xml:39:27-75
197
198                <data
198-->[com.google.firebase:firebase-auth:21.2.0] AndroidManifest.xml:41:17-44:51
199                    android:host="firebase.auth"
199-->[com.google.firebase:firebase-auth:21.2.0] AndroidManifest.xml:42:21-49
200                    android:path="/"
200-->[com.google.firebase:firebase-auth:21.2.0] AndroidManifest.xml:43:21-37
201                    android:scheme="recaptcha" />
201-->[com.google.firebase:firebase-auth:21.2.0] AndroidManifest.xml:44:21-48
202            </intent-filter>
203        </activity>
204        <activity
204-->[com.google.android.gms:play-services-auth:20.4.1] AndroidManifest.xml:23:9-27:75
205            android:name="com.google.android.gms.auth.api.signin.internal.SignInHubActivity"
205-->[com.google.android.gms:play-services-auth:20.4.1] AndroidManifest.xml:24:13-93
206            android:excludeFromRecents="true"
206-->[com.google.android.gms:play-services-auth:20.4.1] AndroidManifest.xml:25:13-46
207            android:exported="false"
207-->[com.google.android.gms:play-services-auth:20.4.1] AndroidManifest.xml:26:13-37
208            android:theme="@android:style/Theme.Translucent.NoTitleBar" />
208-->[com.google.android.gms:play-services-auth:20.4.1] AndroidManifest.xml:27:13-72
209        <!--
210            Service handling Google Sign-In user revocation. For apps that do not integrate with
211            Google Sign-In, this service will never be started.
212        -->
213        <service
213-->[com.google.android.gms:play-services-auth:20.4.1] AndroidManifest.xml:33:9-37:51
214            android:name="com.google.android.gms.auth.api.signin.RevocationBoundService"
214-->[com.google.android.gms:play-services-auth:20.4.1] AndroidManifest.xml:34:13-89
215            android:exported="true"
215-->[com.google.android.gms:play-services-auth:20.4.1] AndroidManifest.xml:35:13-36
216            android:permission="com.google.android.gms.auth.api.signin.permission.REVOCATION_NOTIFICATION"
216-->[com.google.android.gms:play-services-auth:20.4.1] AndroidManifest.xml:36:13-107
217            android:visibleToInstantApps="true" />
217-->[com.google.android.gms:play-services-auth:20.4.1] AndroidManifest.xml:37:13-48
218        <service
218-->[com.google.mlkit:smart-reply:17.0.2] AndroidManifest.xml:23:9-29:19
219            android:name="com.google.mlkit.common.internal.MlKitComponentDiscoveryService"
219-->[com.google.mlkit:smart-reply:17.0.2] AndroidManifest.xml:24:13-91
220            android:directBootAware="true"
220-->[com.google.mlkit:common:18.4.0] AndroidManifest.xml:17:13-43
221            android:exported="false" >
221-->[com.google.mlkit:smart-reply:17.0.2] AndroidManifest.xml:25:13-37
222            <meta-data
222-->[com.google.mlkit:smart-reply:17.0.2] AndroidManifest.xml:26:13-28:85
223                android:name="com.google.firebase.components:com.google.mlkit.nl.smartreply.bundled.internal.ThickSmartReplyRegistrar"
223-->[com.google.mlkit:smart-reply:17.0.2] AndroidManifest.xml:27:17-135
224                android:value="com.google.firebase.components.ComponentRegistrar" />
224-->[com.google.mlkit:smart-reply:17.0.2] AndroidManifest.xml:28:17-82
225            <meta-data
225-->[com.google.mlkit:language-id:17.0.4] AndroidManifest.xml:11:13-13:85
226                android:name="com.google.firebase.components:com.google.mlkit.nl.languageid.bundled.internal.ThickLanguageIdRegistrar"
226-->[com.google.mlkit:language-id:17.0.4] AndroidManifest.xml:12:17-135
227                android:value="com.google.firebase.components.ComponentRegistrar" />
227-->[com.google.mlkit:language-id:17.0.4] AndroidManifest.xml:13:17-82
228            <meta-data
228-->[com.google.mlkit:smart-reply-common:16.0.0] AndroidManifest.xml:26:13-28:85
229                android:name="com.google.firebase.components:com.google.mlkit.nl.smartreply.internal.SmartReplyRegistrar"
229-->[com.google.mlkit:smart-reply-common:16.0.0] AndroidManifest.xml:27:17-122
230                android:value="com.google.firebase.components.ComponentRegistrar" />
230-->[com.google.mlkit:smart-reply-common:16.0.0] AndroidManifest.xml:28:17-82
231            <meta-data
231-->[com.google.mlkit:language-id-common:16.0.0] AndroidManifest.xml:26:13-28:85
232                android:name="com.google.firebase.components:com.google.mlkit.nl.languageid.internal.LanguageIdRegistrar"
232-->[com.google.mlkit:language-id-common:16.0.0] AndroidManifest.xml:27:17-122
233                android:value="com.google.firebase.components.ComponentRegistrar" />
233-->[com.google.mlkit:language-id-common:16.0.0] AndroidManifest.xml:28:17-82
234            <meta-data
234-->[com.google.mlkit:common:18.4.0] AndroidManifest.xml:20:13-22:85
235                android:name="com.google.firebase.components:com.google.mlkit.common.internal.CommonComponentRegistrar"
235-->[com.google.mlkit:common:18.4.0] AndroidManifest.xml:21:17-120
236                android:value="com.google.firebase.components.ComponentRegistrar" />
236-->[com.google.mlkit:common:18.4.0] AndroidManifest.xml:22:17-82
237        </service>
238
239        <provider
239-->[com.google.mlkit:common:18.4.0] AndroidManifest.xml:9:9-13:38
240            android:name="com.google.mlkit.common.internal.MlKitInitProvider"
240-->[com.google.mlkit:common:18.4.0] AndroidManifest.xml:10:13-78
241            android:authorities="com.example.flutterassettracer.mlkitinitprovider"
241-->[com.google.mlkit:common:18.4.0] AndroidManifest.xml:11:13-69
242            android:exported="false"
242-->[com.google.mlkit:common:18.4.0] AndroidManifest.xml:12:13-37
243            android:initOrder="99" />
243-->[com.google.mlkit:common:18.4.0] AndroidManifest.xml:13:13-35
244
245        <activity
245-->[com.google.android.gms:play-services-base:18.0.1] AndroidManifest.xml:20:9-22:45
246            android:name="com.google.android.gms.common.api.GoogleApiActivity"
246-->[com.google.android.gms:play-services-base:18.0.1] AndroidManifest.xml:20:19-85
247            android:exported="false"
247-->[com.google.android.gms:play-services-base:18.0.1] AndroidManifest.xml:22:19-43
248            android:theme="@android:style/Theme.Translucent.NoTitleBar" />
248-->[com.google.android.gms:play-services-base:18.0.1] AndroidManifest.xml:21:19-78
249
250        <provider
250-->[com.google.firebase:firebase-common:20.3.2] AndroidManifest.xml:25:9-30:39
251            android:name="com.google.firebase.provider.FirebaseInitProvider"
251-->[com.google.firebase:firebase-common:20.3.2] AndroidManifest.xml:26:13-77
252            android:authorities="com.example.flutterassettracer.firebaseinitprovider"
252-->[com.google.firebase:firebase-common:20.3.2] AndroidManifest.xml:27:13-72
253            android:directBootAware="true"
253-->[com.google.firebase:firebase-common:20.3.2] AndroidManifest.xml:28:13-43
254            android:exported="false"
254-->[com.google.firebase:firebase-common:20.3.2] AndroidManifest.xml:29:13-37
255            android:initOrder="100" />
255-->[com.google.firebase:firebase-common:20.3.2] AndroidManifest.xml:30:13-36
256
257        <meta-data
257-->[com.google.android.gms:play-services-basement:18.1.0] AndroidManifest.xml:21:9-23:69
258            android:name="com.google.android.gms.version"
258-->[com.google.android.gms:play-services-basement:18.1.0] AndroidManifest.xml:22:13-58
259            android:value="@integer/google_play_services_version" />
259-->[com.google.android.gms:play-services-basement:18.1.0] AndroidManifest.xml:23:13-66
260
261        <uses-library
261-->[androidx.window:window:1.0.0-beta04] AndroidManifest.xml:25:9-27:40
262            android:name="androidx.window.extensions"
262-->[androidx.window:window:1.0.0-beta04] AndroidManifest.xml:26:13-54
263            android:required="false" />
263-->[androidx.window:window:1.0.0-beta04] AndroidManifest.xml:27:13-37
264        <uses-library
264-->[androidx.window:window:1.0.0-beta04] AndroidManifest.xml:28:9-30:40
265            android:name="androidx.window.sidecar"
265-->[androidx.window:window:1.0.0-beta04] AndroidManifest.xml:29:13-51
266            android:required="false" />
266-->[androidx.window:window:1.0.0-beta04] AndroidManifest.xml:30:13-37
267
268        <service
268-->[com.google.android.datatransport:transport-backend-cct:2.3.3] AndroidManifest.xml:29:9-35:19
269            android:name="com.google.android.datatransport.runtime.backends.TransportBackendDiscovery"
269-->[com.google.android.datatransport:transport-backend-cct:2.3.3] AndroidManifest.xml:30:13-103
270            android:exported="false" >
270-->[com.google.android.datatransport:transport-backend-cct:2.3.3] AndroidManifest.xml:31:13-37
271            <meta-data
271-->[com.google.android.datatransport:transport-backend-cct:2.3.3] AndroidManifest.xml:32:13-34:39
272                android:name="backend:com.google.android.datatransport.cct.CctBackendFactory"
272-->[com.google.android.datatransport:transport-backend-cct:2.3.3] AndroidManifest.xml:33:17-94
273                android:value="cct" />
273-->[com.google.android.datatransport:transport-backend-cct:2.3.3] AndroidManifest.xml:34:17-36
274        </service>
275
276        <provider